<?xml version="1.0" encoding="UTF-8"?>
<!-- Generated by org.testng.reporters.JUnitXMLReporter -->
<testsuite ignored="0" hostname="omuniverse" failures="0" tests="3" name="ChromeTest" time="47.299" errors="0" timestamp="2022-10-08T18:20:34 IST">
  <testcase classname="mavenPack.VarifyInstagramLoginButton" name="verifyLogInButton" time="4.123"/>
  <testcase classname="mavenPack.VarifyRoomsPage" name="varifyReturnToMessengerButton" time="8.926"/>
  <testcase classname="mavenPack.VarifyRoomsPage" name="varifyVisitOurHelpCenterButton" time="8.548"/>
</testsuite> <!-- ChromeTest -->
