<?xml version="1.0" encoding="UTF-8"?>
<!-- Generated by org.testng.reporters.JUnitXMLReporter -->
<testsuite ignored="0" hostname="omuniverse" failures="0" tests="3" name="FirefoxTest" time="57.846" errors="0" timestamp="2022-10-08T18:20:45 IST">
  <testcase classname="mavenPack.VarifyInstagramLoginButton" name="verifyLogInButton" time="5.463"/>
  <testcase classname="mavenPack.VarifyRoomsPage" name="varifyReturnToMessengerButton" time="1.015"/>
  <testcase classname="mavenPack.VarifyRoomsPage" name="varifyVisitOurHelpCenterButton" time="2.892"/>
</testsuite> <!-- FirefoxTest -->
