<?xml version="1.0" encoding="UTF-8"?>
<!-- Generated by org.testng.reporters.JUnitXMLReporter -->
<testsuite ignored="0" hostname="omuniverse" failures="0" tests="3" name="Test" time="33.447" errors="0" timestamp="2022-10-05T10:56:39 IST">
  <testcase classname="mavenPack.VarifyInstagramLoginButton" name="verifyLogInButton" time="0.641"/>
  <testcase classname="mavenPack.VarifyRoomsPage" name="varifyReturnToMessengerButton" time="5.911"/>
  <testcase classname="mavenPack.VarifyRoomsPage" name="varifyVisitOurHelpCenterButton" time="2.243"/>
</testsuite> <!-- Test -->
